<?xml version="1.0" encoding="UTF-8"?>
<!-- Generated by org.testng.reporters.JUnitXMLReporter -->
<testsuite hostname="DESKTOP-2C8HLV1" name="selenium" tests="7" failures="0" timestamp="3 Sep 2022 04:56:18 GMT" time="90.418" errors="0">
  <testcase name="Cbanking" time="2.376" classname="aug10.FirstTestNGClass"/>
  <testcase name="addtion" time="6.454" classname="aug11.SecondTestNG"/>
  <testcase name="clear" time="4.311" classname="aug11.SecondTestNG"/>
  <testcase name="subtraction" time="6.451" classname="aug11.SecondTestNG"/>
  <testcase name="branches" time="5.681" classname="aug11.ThirdTestNG"/>
  <testcase name="roles" time="7.931" classname="aug11.ThirdTestNG"/>
  <testcase name="verifytitle" time="14.468" classname="aug13.Demo1"/>
</testsuite> <!-- selenium -->
