<?xml version="1.0" encoding="UTF-8"?>
<!-- Generated by org.testng.reporters.JUnitXMLReporter -->
<testsuite hostname="DESKTOP-2C8HLV1" name="chrometest" tests="5" failures="3" timestamp="18 Aug 2022 10:55:06 GMT" time="22.774" errors="0">
  <testcase name="verifylogin" time="8.664" classname="aug16.Crossbrowsertesting"/>
  <testcase name="verifylogin" time="2.035" classname="aug16.Crossbrowsertesting">
    <failure type="java.lang.AssertionError" message="login fail expected [true] but found [false]">
      <![CDATA[java.lang.AssertionError: login fail expected [true] but found [false]
	at aug16.Crossbrowsertesting.verifylogin(Crossbrowsertesting.java:48)
... Removed 28 stack frames]]>
    </failure>
  </testcase> <!-- verifylogin -->
  <testcase name="verifylogin" time="2.258" classname="aug16.Crossbrowsertesting">
    <failure type="java.lang.AssertionError" message="login fail expected [true] but found [false]">
      <![CDATA[java.lang.AssertionError: login fail expected [true] but found [false]
	at aug16.Crossbrowsertesting.verifylogin(Crossbrowsertesting.java:48)
... Removed 28 stack frames]]>
    </failure>
  </testcase> <!-- verifylogin -->
  <testcase name="verifylogin" time="1.947" classname="aug16.Crossbrowsertesting"/>
  <testcase name="verifylogin" time="1.102" classname="aug16.Crossbrowsertesting">
    <failure type="java.lang.AssertionError" message="login fail expected [true] but found [false]">
      <![CDATA[java.lang.AssertionError: login fail expected [true] but found [false]
	at aug16.Crossbrowsertesting.verifylogin(Crossbrowsertesting.java:48)
... Removed 28 stack frames]]>
    </failure>
  </testcase> <!-- verifylogin -->
</testsuite> <!-- chrometest -->
