<?xml version="1.0" encoding="UTF-8"?>
<!-- Generated by org.testng.reporters.JUnitXMLReporter -->
<testsuite hostname="DESKTOP-2C8HLV1" name="firefoxtest" tests="5" failures="3" timestamp="18 Aug 2022 10:55:42 GMT" time="36.032" errors="0">
  <testcase name="verifylogin" time="8.689" classname="aug16.Crossbrowsertesting"/>
  <testcase name="verifylogin" time="1.313" classname="aug16.Crossbrowsertesting">
    <failure type="java.lang.AssertionError" message="login fail expected [true] but found [false]">
      <![CDATA[java.lang.AssertionError: login fail expected [true] but found [false]
	at aug16.Crossbrowsertesting.verifylogin(Crossbrowsertesting.java:48)
... Removed 28 stack frames]]>
    </failure>
  </testcase> <!-- verifylogin -->
  <testcase name="verifylogin" time="1.147" classname="aug16.Crossbrowsertesting">
    <failure type="java.lang.AssertionError" message="login fail expected [true] but found [false]">
      <![CDATA[java.lang.AssertionError: login fail expected [true] but found [false]
	at aug16.Crossbrowsertesting.verifylogin(Crossbrowsertesting.java:48)
... Removed 28 stack frames]]>
    </failure>
  </testcase> <!-- verifylogin -->
  <testcase name="verifylogin" time="1.732" classname="aug16.Crossbrowsertesting"/>
  <testcase name="verifylogin" time="0.83" classname="aug16.Crossbrowsertesting">
    <failure type="java.lang.AssertionError" message="login fail expected [true] but found [false]">
      <![CDATA[java.lang.AssertionError: login fail expected [true] but found [false]
	at aug16.Crossbrowsertesting.verifylogin(Crossbrowsertesting.java:48)
... Removed 28 stack frames]]>
    </failure>
  </testcase> <!-- verifylogin -->
</testsuite> <!-- firefoxtest -->
